2022 -10-30_13:15: INICIA SERVIDOR
2022 -10-30_13:15: Server Escucha puerto :5000
2022 -10-30_13:16: El usuario ingresa la operacio : 95*/4
2022 -10-30_13:16: El usuario ingresa la operacio : 9+54
2022 -10-30_13:16: Su respuesta es= 63
2022 -10-30_13:16: El usuario ingresa la operacio : *5
2022 -10-30_13:16: El usuario ingresa la operacio : 5
2022 -10-30_13:16: Su respuesta es= 5
2022 -10-30_13:16: El usuario ingresa la operacio : 9-20
2022 -10-30_13:16: Su respuesta es= -11
2022 -10-30_13:16: El usuario ingresa la operacio : 11^3
2022 -10-30_13:16: Su respuesta es= 1331
2022 -10-30_13:16: El usuario ingresa la operacio : 5!
2022 -10-30_13:16: Su respuesta es= 120
2022 -10-30_13:17: El usuario ingresa la operacio : 10*5a50
2022 -10-30_13:17: El usuario ingresa la operacio : 12!5
2022 -10-30_13:17: El usuario ingresa la operacio : !12
2022 -10-30_13:18: El usuario ingresa la operacio : 1234567890+9876543210
2022 -10-30_13:18: El usuario ingresa la operacio : 10/8
2022 -10-30_13:18: Su respuesta es= 1
2022 -10-30_13:18: USUARIO SOLICITA VER REGISTRO ACTIVIDADES
2022 -10-30_13:18: INICIA SERVIDOR
2022 -10-30_13:18: Server Escucha puerto :5000
2022 -10-30_13:22: INICIA SERVIDOR
2022 -10-30_13:22: Server Escucha puerto :5000
